This is pdfTeX, Version 3.14159265-2.6-1.40.19 (MiKTeX 2.9.6800 64-bit) (preloaded format=pdflatex 2018.9.19)  29 OCT 2018 18:52
entering extended mode
**./Forside.tex
(Forside.tex
LaTeX2e <2018-04-01> patch level 5

! LaTeX Error: Missing \begin{document}.

See the LaTeX manual or LaTeX Companion for explanation.
Type  H <return>  for immediate help.
 ...                                              
                                                  
l.4 \begin{center}
                  
You're in trouble here.  Try typing  <return>  to proceed.
If that doesn't work, type  X <return>  to quit.


Overfull \hbox (20.0pt too wide) in paragraph at lines 4--4
[] 
 []

! Undefined control sequence.
<recently read> \LARGE 
                       
l.6 ...RGE Ingeniørhøjskolen Aarhus Universitet}
                                                  \\[1.5cm] %
The control sequence at the end of the top line
of your error message was never \def'ed. If you have
misspelled it (e.g., `\hobx'), type `I' and the correct
spelling (e.g., `I\hbox'). Otherwise just continue,
and I'll forget about whatever was undefined.


Overfull \hbox (94.3551pt too wide) in paragraph at lines 6--6
 \OT1/cmr/m/sc/10 Ingenirhjskolen 
 []


Overfull \hbox (37.13872pt too wide) in paragraph at lines 6--6
 \OT1/cmr/m/sc/10 Aarhus 
 []


Overfull \hbox (21.07207pt too wide) in paragraph at lines 6--6
 \OT1/cmr/m/sc/10 Uni- 
 []


Overfull \hbox (21.511pt too wide) in paragraph at lines 6--6
 \OT1/cmr/m/sc/10 ver- 
 []


Overfull \hbox (24.99985pt too wide) in paragraph at lines 6--6
 \OT1/cmr/m/sc/10 sitet 
 []

! Undefined control sequence.
<recently read> \large 
                       
l.8 	\textsc{\large 3. Semesterprojekt \\Rapport}
                                                 \\[2.5cm]
The control sequence at the end of the top line
of your error message was never \def'ed. If you have
misspelled it (e.g., `\hobx'), type `I' and the correct
spelling (e.g., `I\hbox'). Otherwise just continue,
and I'll forget about whatever was undefined.


Overfull \hbox (8.72212pt too wide) in paragraph at lines 8--8
 []\OT1/cmr/m/sc/10 3. 
 []


Overfull \hbox (50.59967pt too wide) in paragraph at lines 8--8
 \OT1/cmr/m/sc/10 Semester- 
 []


Overfull \hbox (21.51099pt too wide) in paragraph at lines 8--8
 \OT1/cmr/m/sc/10 pro- 
 []


Overfull \hbox (22.08878pt too wide) in paragraph at lines 8--8
 \OT1/cmr/m/sc/10 jekt 
 []


Overfull \hbox (42.91084pt too wide) in paragraph at lines 8--8
 []\OT1/cmr/m/sc/10 Rapport 
 []

! Undefined control sequence.
l.11 	{\huge
             \bfseries \textsc{Design og udvikling af et
The control sequence at the end of the top line
of your error message was never \def'ed. If you have
misspelled it (e.g., `\hobx'), type `I' and the correct
spelling (e.g., `I\hbox'). Otherwise just continue,
and I'll forget about whatever was undefined.


LaTeX Font Warning: Font shape `OT1/cmr/bx/sc' undefined
(Font)              using `OT1/cmr/bx/n' instead on input line 12.


Overfull \hbox (33.95953pt too wide) in paragraph at lines 12--13
 []\OT1/cmr/bx/n/10 Design 
 []


Overfull \hbox (11.49994pt too wide) in paragraph at lines 12--13
 \OT1/cmr/bx/n/10 og 
 []


Overfull \hbox (16.61102pt too wide) in paragraph at lines 12--13
 \OT1/cmr/bx/n/10 ud- 
 []


Overfull \hbox (33.86093pt too wide) in paragraph at lines 12--13
 \OT1/cmr/bx/n/10 vikling 
 []


Overfull \hbox (9.1041pt too wide) in paragraph at lines 12--13
 \OT1/cmr/bx/n/10 af 
 []


Overfull \hbox (9.74301pt too wide) in paragraph at lines 12--13
 \OT1/cmr/bx/n/10 et 
 []


Overfull \hbox (106.03134pt too wide) in paragraph at lines 12--13
 \OT1/cmr/bx/n/10 blodtryksmalesystem 
 []

! Undefined control sequence.
l.14 	{\LARGE
              Projektrapport} \\[0.4cm]
The control sequence at the end of the top line
of your error message was never \def'ed. If you have
misspelled it (e.g., `\hobx'), type `I' and the correct
spelling (e.g., `I\hbox'). Otherwise just continue,
and I'll forget about whatever was undefined.

Missing character: There is no P in font nullfont!
Missing character: There is no r in font nullfont!
Missing character: There is no o in font nullfont!
Missing character: There is no j in font nullfont!
Missing character: There is no e in font nullfont!
Missing character: There is no k in font nullfont!
Missing character: There is no t in font nullfont!
Missing character: There is no r in font nullfont!
Missing character: There is no a in font nullfont!
Missing character: There is no p in font nullfont!
Missing character: There is no p in font nullfont!
Missing character: There is no o in font nullfont!
Missing character: There is no r in font nullfont!
Missing character: There is no t in font nullfont!
LaTeX Font Info:    External font `cmex10' loaded for size
(Font)              <7> on input line 22.
LaTeX Font Info:    External font `cmex10' loaded for size
(Font)              <5> on input line 22.
Missing character: There is no J in font nullfont!
Missing character: There is no e in font nullfont!
Missing character: There is no p in font nullfont!
Missing character: There is no p in font nullfont!
Missing character: There is no e in font nullfont!
Missing character: There is no C in font nullfont!
Missing character: There is no h in font nullfont!
Missing character: There is no r in font nullfont!
Missing character: There is no i in font nullfont!
Missing character: There is no s in font nullfont!
Missing character: There is no t in font nullfont!
Missing character: There is no e in font nullfont!
Missing character: There is no n in font nullfont!
Missing character: There is no s in font nullfont!
Missing character: There is no e in font nullfont!
Missing character: There is no n in font nullfont!
Missing character: There is no M in font nullfont!
Missing character: There is no a in font nullfont!
Missing character: There is no t in font nullfont!
Missing character: There is no i in font nullfont!
Missing character: There is no l in font nullfont!
Missing character: There is no d in font nullfont!
Missing character: There is no e in font nullfont!
Missing character: There is no R in font nullfont!
Missing character: There is no o in font nullfont!
Missing character: There is no d in font nullfont!
Missing character: There is no r in font nullfont!
LaTeX Font Info:    Try loading font information for +cmr on input line 25.
LaTeX Font Info:    No file cmr.fd. on input line 25.

LaTeX Font Warning: Font shape `/cmr/m/n' undefined
(Font)              using `/cmr/m/n' instead on input line 25.

! Corrupted NFSS tables.
wrong@fontshape ...message {Corrupted NFSS tables}
                                                  error@fontshape else let f...
l.25 			Matilde Rodrí
                      guez Gammelgaard & \textsl{AU} & \textsl{201707937}  \\
This error message was generated by an \errmessage
command, so I can't give any explicit help.
Pretend that you're Hercule Poirot: Examine all clues,
and deduce the truth by order and method.


LaTeX Font Warning: Font shape `/cmr/m/n' undefined
(Font)              using `OT1/cmr/m/n' instead on input line 25.

Missing character: There is no g in font nullfont!
Missing character: There is no u in font nullfont!
Missing character: There is no e in font nullfont!
Missing character: There is no z in font nullfont!
Missing character: There is no G in font nullfont!
Missing character: There is no a in font nullfont!
Missing character: There is no m in font nullfont!
Missing character: There is no m in font nullfont!
Missing character: There is no e in font nullfont!
Missing character: There is no l in font nullfont!
Missing character: There is no g in font nullfont!
Missing character: There is no a in font nullfont!
Missing character: There is no a in font nullfont!
Missing character: There is no r in font nullfont!
Missing character: There is no d in font nullfont!
Missing character: There is no H in font nullfont!
Missing character: There is no e in font nullfont!
Missing character: There is no n in font nullfont!
Missing character: There is no r in font nullfont!
Missing character: There is no i in font nullfont!
Missing character: There is no e in font nullfont!
Missing character: There is no t in font nullfont!
Missing character: There is no t in font nullfont!
Missing character: There is no e in font nullfont!
Missing character: There is no P in font nullfont!
Missing character: There is no i in font nullfont!
Missing character: There is no l in font nullfont!
Missing character: There is no e in font nullfont!
Missing character: There is no g in font nullfont!
Missing character: There is no a in font nullfont!
Missing character: There is no a in font nullfont!
Missing character: There is no r in font nullfont!
Missing character: There is no d in font nullfont!
Missing character: There is no S in font nullfont!
Missing character: There is no u in font nullfont!
Missing character: There is no s in font nullfont!
Missing character: There is no a in font nullfont!
Missing character: There is no n in font nullfont!
Missing character: There is no n in font nullfont!
Missing character: There is no e in font nullfont!
Missing character: There is no L in font nullfont!
Missing character: There is no a in font nullfont!
Missing character: There is no u in font nullfont!
Missing character: There is no r in font nullfont!
Missing character: There is no s in font nullfont!
Missing character: There is no e in font nullfont!
Missing character: There is no n in font nullfont!
Missing character: There is no L in font nullfont!
Missing character: There is no a in font nullfont!
Missing character: There is no u in font nullfont!
Missing character: There is no r in font nullfont!
Missing character: There is no a in font nullfont!
Missing character: There is no N in font nullfont!
Missing character: There is no r in font nullfont!
Missing character: There is no g in font nullfont!
Missing character: There is no a in font nullfont!
Missing character: There is no a in font nullfont!
Missing character: There is no r in font nullfont!
Missing character: There is no d in font nullfont!
Missing character: There is no B in font nullfont!
Missing character: There is no l in font nullfont!
Missing character: There is no u in font nullfont!
Missing character: There is no s in font nullfont!
Missing character: There is no h in font nullfont!
Missing character: There is no j in font nullfont!
Missing character: There is no M in font nullfont!
Missing character: There is no a in font nullfont!
Missing character: There is no t in font nullfont!
Missing character: There is no h in font nullfont!
Missing character: There is no i in font nullfont!
Missing character: There is no a in font nullfont!
Missing character: There is no s in font nullfont!
Missing character: There is no M in font nullfont!
Missing character: There is no l in font nullfont!
Missing character: There is no g in font nullfont!
Missing character: There is no a in font nullfont!
Missing character: There is no a in font nullfont!
Missing character: There is no r in font nullfont!
Missing character: There is no d in font nullfont!
Missing character: There is no C in font nullfont!
Missing character: There is no e in font nullfont!
Missing character: There is no l in font nullfont!
Missing character: There is no i in font nullfont!
Missing character: There is no a in font nullfont!
Missing character: There is no N in font nullfont!
Missing character: There is no i in font nullfont!
Missing character: There is no e in font nullfont!
Missing character: There is no l in font nullfont!
Missing character: There is no s in font nullfont!
Missing character: There is no e in font nullfont!
Missing character: There is no n in font nullfont!

Overfull \hbox (145.98344pt too wide) in paragraph at lines 22--34
 [] 
 []

! Undefined control sequence.
<recently read> \large 
                       
l.37 ...c{\large Vejleder: Samuel Alberg Thrysøe}
                                                  
The control sequence at the end of the top line
of your error message was never \def'ed. If you have
misspelled it (e.g., `\hobx'), type `I' and the correct
spelling (e.g., `I\hbox'). Otherwise just continue,
and I'll forget about whatever was undefined.


Overfull \hbox (49.7108pt too wide) in paragraph at lines 37--39
 []\OT1/cmr/m/sc/10 Vejleder: 
 []


Overfull \hbox (36.55534pt too wide) in paragraph at lines 37--39
 \OT1/cmr/m/sc/10 Samuel 
 []


Overfull \hbox (17.04985pt too wide) in paragraph at lines 37--39
 \OT1/cmr/m/sc/10 Al- 
 []


Overfull \hbox (23.58878pt too wide) in paragraph at lines 37--39
 \OT1/cmr/m/sc/10 berg 
 []


Overfull \hbox (41.99422pt too wide) in paragraph at lines 37--39
 \OT1/cmr/m/sc/10 Thryse 
 []

! Undefined control sequence.
<recently read> \large 
                       
l.40 	\textsc{\large Dato: xx/xx-2018}
                                      \\
The control sequence at the end of the top line
of your error message was never \def'ed. If you have
misspelled it (e.g., `\hobx'), type `I' and the correct
spelling (e.g., `I\hbox'). Otherwise just continue,
and I'll forget about whatever was undefined.


Overfull \hbox (28.92755pt too wide) in paragraph at lines 40--40
 []\OT1/cmr/m/sc/10 Dato: 
 []


Overfull \hbox (33.83873pt too wide) in paragraph at lines 40--40
 \OT1/cmr/m/sc/10 xx/xx- 
 []


Overfull \hbox (22.1109pt too wide) in paragraph at lines 40--40
 \OT1/cmr/m/sc/10 2018 
 []


Overfull \hbox (30.78313pt too wide) in paragraph at lines 44--44
 []\OT1/cmr/m/sc/10 Antal 
 []


Overfull \hbox (28.63873pt too wide) in paragraph at lines 44--44
 \OT1/cmr/m/sc/10 sider: 
 []


Overfull \hbox (12.26663pt too wide) in paragraph at lines 44--44
 \OT1/cmr/m/sc/10 xx 
 []


! LaTeX Error: The font size command \normalsize is not defined:
               there is probably something wrong with the class file.

See the LaTeX manual or LaTeX Companion for explanation.
Type  H <return>  for immediate help.
 ...                                              
                                                  
l.50 \clearpage
               
Your command was ignored.
Type  I <command> <return>  to replace it with another command,
or  <return>  to continue without it.

[1{C:/Users/henri/AppData/Local/MiKTeX/2.9/pdftex/config/pdftex.map}])
! Emergency stop.
<*> ./Forside.tex
                 
*** (job aborted, no legal \end found)

 
Here is how much of TeX's memory you used:
 34 strings out of 492973
 464 string characters out of 3126692
 59021 words of memory out of 3000000
 3999 multiletter control sequences out of 15000+200000
 4602 words of font info for 17 fonts, out of 3000000 for 9000
 1141 hyphenation exceptions out of 8191
 19i,7n,16p,139b,250s stack positions out of 5000i,500n,10000p,200000b,50000s
!  ==> Fatal error occurred, no output PDF file produced!
