\BOOKMARK [0][-]{chapter.1}{Indledning}{}% 1
\BOOKMARK [0][-]{chapter.2}{Gruppedannelse}{}% 2
\BOOKMARK [1][-]{section.2.1}{Samarbejdskontrakt}{chapter.2}% 3
\BOOKMARK [0][-]{chapter.3}{Udviklingsforl\370b}{}% 4
\BOOKMARK [1][-]{section.3.1}{Projektledelse}{chapter.3}% 5
\BOOKMARK [1][-]{section.3.2}{Arbejdsfordeling}{chapter.3}% 6
\BOOKMARK [2][-]{subsection.3.2.1}{Skema over arbejdsfordeling}{section.3.2}% 7
\BOOKMARK [1][-]{section.3.3}{Planl\346gning}{chapter.3}% 8
\BOOKMARK [1][-]{section.3.4}{Projektadministration}{chapter.3}% 9
\BOOKMARK [1][-]{section.3.5}{M\370der}{chapter.3}% 10
\BOOKMARK [2][-]{subsection.3.5.1}{Gruppem\370der}{section.3.5}% 11
\BOOKMARK [2][-]{subsection.3.5.2}{Vejlederm\370der}{section.3.5}% 12
\BOOKMARK [1][-]{section.3.6}{Konflikth\345ndtering}{chapter.3}% 13
\BOOKMARK [0][-]{chapter.4}{Induviduelle konklusioner}{}% 14
\BOOKMARK [1][-]{section.4.1}{Caroline}{chapter.4}% 15
\BOOKMARK [1][-]{section.4.2}{Kajene}{chapter.4}% 16
\BOOKMARK [1][-]{section.4.3}{Mathias}{chapter.4}% 17
\BOOKMARK [1][-]{section.4.4}{Mikkel}{chapter.4}% 18
\BOOKMARK [1][-]{section.4.5}{Nicolai}{chapter.4}% 19
\BOOKMARK [1][-]{section.4.6}{Sarah}{chapter.4}% 20
\BOOKMARK [1][-]{section.4.7}{Thea}{chapter.4}% 21
\BOOKMARK [0][-]{chapter.5}{Konklusion}{}% 22
