\BOOKMARK [0][-]{chapter.1}{Ordliste}{}% 1
\BOOKMARK [0][-]{chapter.2}{Systembeskrivelse}{}% 2
\BOOKMARK [1][-]{section.2.1}{Systembeskrivelse}{chapter.2}% 3
\BOOKMARK [1][-]{section.2.2}{Beskrivelse af alarmer}{chapter.2}% 4
\BOOKMARK [1][-]{section.2.3}{Systemoversigt}{chapter.2}% 5
\BOOKMARK [1][-]{section.2.4}{Skitse af brugergr\346nseflade}{chapter.2}% 6
\BOOKMARK [0][-]{chapter.3}{Funktionelle krav}{}% 7
\BOOKMARK [1][-]{section.3.1}{Akt\370r kontekst diagram}{chapter.3}% 8
\BOOKMARK [1][-]{section.3.2}{Akt\370rbeskrivelser}{chapter.3}% 9
\BOOKMARK [1][-]{section.3.3}{Use Case beskrivelser}{chapter.3}% 10
\BOOKMARK [2][-]{subsection.3.3.1}{Use Case 1: M\345l og vis blodtryk og puls}{section.3.3}% 11
\BOOKMARK [2][-]{subsection.3.3.2}{Use Case 2: Just\351r gr\346nsev\346rdier}{section.3.3}% 12
\BOOKMARK [2][-]{subsection.3.3.3}{Use Case 3: Alarmering}{section.3.3}% 13
\BOOKMARK [2][-]{subsection.3.3.4}{Use Case 4: Gem data}{section.3.3}% 14
\BOOKMARK [2][-]{subsection.3.3.5}{Use Case 5: Kalibrering}{section.3.3}% 15
\BOOKMARK [1][-]{section.3.4}{Use Case Diagram}{chapter.3}% 16
\BOOKMARK [1][-]{section.3.5}{Use Cases: Fully dressed Use Case beskrivelser}{chapter.3}% 17
\BOOKMARK [2][-]{subsection.3.5.1}{Use Case 1: M\345l og vis blodtryk og puls}{section.3.5}% 18
\BOOKMARK [2][-]{subsection.3.5.2}{Use Case 2: Just\351r gr\346nsev\346rdier}{section.3.5}% 19
\BOOKMARK [2][-]{subsection.3.5.3}{Use Case 3: Alarmering}{section.3.5}% 20
\BOOKMARK [2][-]{subsection.3.5.4}{Use Case 4: Gem data}{section.3.5}% 21
\BOOKMARK [2][-]{subsection.3.5.5}{Use Case 5: Kalibrering}{section.3.5}% 22
\BOOKMARK [0][-]{chapter.4}{Ikke funktionelle krav}{}% 23
\BOOKMARK [1][-]{section.4.1}{Must have:}{chapter.4}% 24
\BOOKMARK [1][-]{section.4.2}{Should have:}{chapter.4}% 25
\BOOKMARK [1][-]{section.4.3}{Could have:}{chapter.4}% 26
\BOOKMARK [1][-]{section.4.4}{Won't have:}{chapter.4}% 27
