This is pdfTeX, Version 3.14159265-2.6-1.40.19 (MiKTeX 2.9.6840 64-bit) (preloaded format=pdflatex 2018.10.30)  13 DEC 2018 17:32
entering extended mode
**./Logbog.tex
(Logbog.tex
LaTeX2e <2018-04-01> patch level 5
! Undefined control sequence.
l.1 \chapter
            {Logbog}
The control sequence at the end of the top line
of your error message was never \def'ed. If you have
misspelled it (e.g., `\hobx'), type `I' and the correct
spelling (e.g., `I\hbox'). Otherwise just continue,
and I'll forget about whatever was undefined.


! LaTeX Error: Missing \begin{document}.

See the LaTeX manual or LaTeX Companion for explanation.
Type  H <return>  for immediate help.
 ...                                              
                                                  
l.1 \chapter{L
              ogbog}
You're in trouble here.  Try typing  <return>  to proceed.
If that doesn't work, type  X <return>  to quit.

Missing character: There is no L in font nullfont!
Missing character: There is no o in font nullfont!
Missing character: There is no g in font nullfont!
Missing character: There is no b in font nullfont!
Missing character: There is no o in font nullfont!
Missing character: There is no g in font nullfont!

Overfull \hbox (20.0pt too wide) in paragraph at lines 1--2
[] 
 []

(Logbog/Logbog/Uge37.tex) (Logbog/Logbog/Uge38.tex) (Logbog/Logbog/Uge39.tex)
(Logbog/Logbog/Uge40.tex) (Logbog/Logbog/Uge41.tex) (Logbog/Logbog/Uge43.tex)
(Logbog/Logbog/Uge44.tex) (Logbog/Logbog/Uge45.tex) (Logbog/Logbog/Uge46.tex)
(Logbog/Logbog/Uge47.tex) (Logbog/Logbog/Uge48.tex) (Logbog/Logbog/Uge49.tex))
! Emergency stop.
<*> ./Logbog.tex
                
*** (job aborted, no legal \end found)

 
Here is how much of TeX's memory you used:
 45 strings out of 492970
 2211 string characters out of 3126593
 56558 words of memory out of 3000000
 3980 multiletter control sequences out of 15000+200000
 3640 words of font info for 14 fonts, out of 3000000 for 9000
 1141 hyphenation exceptions out of 8191
 5i,0n,4p,43b,16s stack positions out of 5000i,500n,10000p,200000b,50000s
!  ==> Fatal error occurred, no output PDF file produced!
